<?xml version="1.0" encoding="UTF-8"?>
<!-- Generated by org.testng.reporters.JUnitReportReporter -->
<testsuite skipped="0" hostname="TYSS-TR-006" name="com.testyantra.flipkart.flipkart.App" tests="1" failures="0" timestamp="18 Jun 2018 10:39:57 GMT" time="0.009" errors="0">
  <testcase name="flip" time="0.009" classname="com.testyantra.flipkart.flipkart.App"/>
</testsuite> <!-- com.testyantra.flipkart.flipkart.App -->
